\BOOKMARK [1][-]{section.1}{Introduction}{}% 1
\BOOKMARK [2][-]{subsection.1.1}{Astrophysical interest}{section.1}% 2
\BOOKMARK [2][-]{subsection.1.2}{EOS}{section.1}% 3
\BOOKMARK [2][-]{subsection.1.3}{Glauber Theory?}{section.1}% 4
\BOOKMARK [2][-]{subsection.1.4}{QFS Theory in inverse kinematics}{section.1}% 5
\BOOKMARK [1][-]{section.2}{Experiment}{}% 6
\BOOKMARK [2][-]{subsection.2.1}{GSI facility}{section.2}% 7
\BOOKMARK [3][-]{subsubsection.2.1.1}{FAIR Project}{subsection.2.1}% 8
\BOOKMARK [2][-]{subsection.2.2}{R3B Setup}{section.2}% 9
\BOOKMARK [2][-]{subsection.2.3}{Detector Setup in S444 Commmissioning Experiment 2020}{section.2}% 10
\BOOKMARK [3][-]{subsubsection.2.3.1}{Multi Wire Proportional Chambers \(MWPC\)}{subsection.2.3}% 11
\BOOKMARK [3][-]{subsubsection.2.3.2}{Ionisation Chambers - R3BMusic/TWIM Music}{subsection.2.3}% 12
\BOOKMARK [3][-]{subsubsection.2.3.3}{Sofia Start Detector}{subsection.2.3}% 13
\BOOKMARK [3][-]{subsubsection.2.3.4}{GLAD Magnet}{subsection.2.3}% 14
\BOOKMARK [3][-]{subsubsection.2.3.5}{CALIFA Calorimeter}{subsection.2.3}% 15
\BOOKMARK [3][-]{subsubsection.2.3.6}{Sofia Time of Flight Wall}{subsection.2.3}% 16
\BOOKMARK [3][-]{subsubsection.2.3.7}{NeuLAND Detector}{subsection.2.3}% 17
\BOOKMARK [3][-]{subsubsection.2.3.8}{Calibration of the Detector Systems}{subsection.2.3}% 18
\BOOKMARK [1][-]{section.3}{Analysis - Total Interaction Cross Section 12C + 12C - 12C + 12C}{}% 19
\BOOKMARK [2][-]{subsection.3.1}{Cross Section Measurement via Transmission Method}{section.3}% 20
\BOOKMARK [2][-]{subsection.3.2}{Event Selection}{section.3}% 21
\BOOKMARK [2][-]{subsection.3.3}{Charge Changing Cross Section Measurement}{section.3}% 22
\BOOKMARK [3][-]{subsubsection.3.3.1}{TWIN MUSIC Calibration}{subsection.3.3}% 23
\BOOKMARK [3][-]{subsubsection.3.3.2}{TWIN MUSIC Event Selection}{subsection.3.3}% 24
\BOOKMARK [3][-]{subsubsection.3.3.3}{Carbon Identification}{subsection.3.3}% 25
\BOOKMARK [2][-]{subsection.3.4}{Geometric Corrections}{section.3}% 26
\BOOKMARK [2][-]{subsection.3.5}{Isotope Correction - Total Interaction Cross Section}{section.3}% 27
\BOOKMARK [2][-]{subsection.3.6}{Fine Tuned Geometric Correction}{section.3}% 28
\BOOKMARK [2][-]{subsection.3.7}{Results}{section.3}% 29
\BOOKMARK [2][-]{subsection.3.8}{qfs analyis}{section.3}% 30
\BOOKMARK [2][-]{subsection.3.9}{reaction cross section Analysis}{section.3}% 31
\BOOKMARK [1][-]{section.4}{Results and Discussion}{}% 32
\BOOKMARK [1][-]{section.4}{References}{}% 33
